<?xml version="1.0" encoding="UTF-8"?>
<coverage generated="1637664473999" clover="3.2.0">
  <project timestamp="1637664474000" name="All files">
    <metrics statements="9" coveredstatements="3" conditionals="2" coveredconditionals="0" methods="3" coveredmethods="0" elements="14" coveredelements="3" complexity="0" loc="9" ncloc="9" packages="1" files="1" classes="1"/>
    <file name="App.tsx" path="/Users/couto/Workspace/papaya-app/App.tsx">
      <metrics statements="9" coveredstatements="3" conditionals="2" coveredconditionals="0" methods="3" coveredmethods="0"/>
      <line num="11" count="0" type="stmt"/>
      <line num="26" count="0" type="stmt"/>
      <line num="33" count="1" type="stmt"/>
      <line num="36" count="0" type="stmt"/>
      <line num="40" count="0" type="cond" truecount="0" falsecount="2"/>
      <line num="41" count="0" type="stmt"/>
      <line num="44" count="0" type="stmt"/>
      <line num="59" count="1" type="stmt"/>
      <line num="63" count="1" type="stmt"/>
    </file>
  </project>
</coverage>
