{"/Users/couto/Workspace/papaya-app/App.tsx": {"path":"/Users/couto/Workspace/papaya-app/App.tsx","statementMap":{"0":{"start":{"line":11,"column":2},"end":{"line":22,"column":4}},"1":{"start":{"line":26,"column":2},"end":{"line":30,"column":4}},"2":{"start":{"line":33,"column":14},"end":{"line":33,"column":42}},"3":{"start":{"line":36,"column":24},"end":{"line":38,"column":4}},"4":{"start":{"line":40,"column":2},"end":{"line":42,"column":3}},"5":{"start":{"line":41,"column":4},"end":{"line":41,"column":26}},"6":{"start":{"line":44,"column":2},"end":{"line":56,"column":4}},"7":{"start":{"line":59,"column":20},"end":{"line":61,"column":2}},"8":{"start":{"line":63,"column":27},"end":{"line":63,"column":57}}},"fnMap":{"0":{"name":"HomeScreen","decl":{"start":{"line":10,"column":9},"end":{"line":10,"column":19}},"loc":{"start":{"line":10,"column":39},"end":{"line":23,"column":1}},"line":10},"1":{"name":"LoginScreen","decl":{"start":{"line":25,"column":9},"end":{"line":25,"column":20}},"loc":{"start":{"line":25,"column":23},"end":{"line":31,"column":1}},"line":25},"2":{"name":"App","decl":{"start":{"line":35,"column":9},"end":{"line":35,"column":12}},"loc":{"start":{"line":35,"column":15},"end":{"line":57,"column":1}},"line":35}},"branchMap":{"0":{"loc":{"start":{"line":40,"column":2},"end":{"line":42,"column":3}},"type":"if","locations":[{"start":{"line":40,"column":2},"end":{"line":42,"column":3}},{"start":{},"end":{}}],"line":40}},"s":{"0":0,"1":0,"2":1,"3":0,"4":0,"5":0,"6":0,"7":1,"8":1},"f":{"0":0,"1":0,"2":0},"b":{"0":[0,0]},"_coverageSchema":"1a1c01bbd47fc00a2c39e90264f33305004495a9","hash":"f4e20b931b01842555fb4227f97340996a4c3ded"}
}
